{"/home/runner/work/solaris-cet/solaris-cet/app/src/hooks/useLanguage.ts": {"path":"/home/runner/work/solaris-cet/solaris-cet/app/src/hooks/useLanguage.ts","statementMap":{"0":{"start":{"line":12,"column":43},"end":{"line":12,"column":null}},"1":{"start":{"line":14,"column":6},"end":{"line":23,"column":null}},"2":{"start":{"line":15,"column":2},"end":{"line":23,"column":null}},"3":{"start":{"line":16,"column":19},"end":{"line":16,"column":55}},"4":{"start":{"line":17,"column":4},"end":{"line":18,"column":null}},"5":{"start":{"line":18,"column":6},"end":{"line":18,"column":null}},"6":{"start":{"line":20,"column":24},"end":{"line":20,"column":54}},"7":{"start":{"line":21,"column":4},"end":{"line":21,"column":null}},"8":{"start":{"line":23,"column":4},"end":{"line":23,"column":null}},"9":{"start":{"line":27,"column":13},"end":{"line":31,"column":2}},"10":{"start":{"line":29,"column":17},"end":{"line":29,"column":null}},"11":{"start":{"line":33,"column":13},"end":{"line":33,"column":60}},"12":{"start":{"line":35,"column":13},"end":{"line":47,"column":null}},"13":{"start":{"line":36,"column":15},"end":{"line":36,"column":65}},"14":{"start":{"line":38,"column":8},"end":{"line":45,"column":8}},"15":{"start":{"line":39,"column":4},"end":{"line":39,"column":null}},"16":{"start":{"line":40,"column":4},"end":{"line":42,"column":null}},"17":{"start":{"line":41,"column":6},"end":{"line":41,"column":null}},"18":{"start":{"line":47,"column":2},"end":{"line":47,"column":null}}},"fnMap":{"0":{"name":"(anonymous_0)","decl":{"start":{"line":14,"column":6},"end":{"line":14,"column":39}},"loc":{"start":{"line":14,"column":39},"end":{"line":23,"column":null}},"line":14},"1":{"name":"(anonymous_1)","decl":{"start":{"line":29,"column":2},"end":{"line":29,"column":17}},"loc":{"start":{"line":29,"column":17},"end":{"line":29,"column":null}},"line":29},"2":{"name":"(anonymous_2)","decl":{"start":{"line":33,"column":13},"end":{"line":33,"column":33}},"loc":{"start":{"line":33,"column":13},"end":{"line":33,"column":60}},"line":33},"3":{"name":"(anonymous_3)","decl":{"start":{"line":35,"column":13},"end":{"line":35,"column":60}},"loc":{"start":{"line":35,"column":60},"end":{"line":47,"column":null}},"line":35},"4":{"name":"(anonymous_4)","decl":{"start":{"line":38,"column":18},"end":{"line":38,"column":31}},"loc":{"start":{"line":38,"column":53},"end":{"line":45,"column":7}},"line":38}},"branchMap":{"0":{"loc":{"start":{"line":17,"column":4},"end":{"line":18,"column":null}},"type":"if","locations":[{"start":{"line":17,"column":4},"end":{"line":18,"column":null}},{"start":{},"end":{}}],"line":17},"1":{"loc":{"start":{"line":17,"column":8},"end":{"line":17,"column":64}},"type":"binary-expr","locations":[{"start":{"line":17,"column":8},"end":{"line":17,"column":19}},{"start":{"line":17,"column":19},"end":{"line":17,"column":64}}],"line":17},"2":{"loc":{"start":{"line":21,"column":12},"end":{"line":21,"column":null}},"type":"cond-expr","locations":[{"start":{"line":21,"column":66},"end":{"line":21,"column":93}},{"start":{"line":21,"column":93},"end":{"line":21,"column":null}}],"line":21}},"s":{"0":1,"1":1,"2":0,"3":0,"4":0,"5":0,"6":0,"7":0,"8":0,"9":1,"10":0,"11":0,"12":1,"13":0,"14":0,"15":0,"16":0,"17":0,"18":0},"f":{"0":0,"1":0,"2":0,"3":0,"4":0},"b":{"0":[0,0],"1":[0,0],"2":[0,0]},"meta":{"lastBranch":3,"lastFunction":5,"lastStatement":19,"seen":{"s:12:43:12:Infinity":0,"s:14:6:23:Infinity":1,"f:14:6:14:39":0,"s:15:2:23:Infinity":2,"s:16:19:16:55":3,"b:17:4:18:Infinity:undefined:undefined:undefined:undefined":0,"s:17:4:18:Infinity":4,"b:17:8:17:19:17:19:17:64":1,"s:18:6:18:Infinity":5,"s:20:24:20:54":6,"s:21:4:21:Infinity":7,"b:21:66:21:93:21:93:21:Infinity":2,"s:23:4:23:Infinity":8,"s:27:13:31:2":9,"f:29:2:29:17":1,"s:29:17:29:Infinity":10,"s:33:13:33:60":11,"f:33:13:33:33":2,"s:35:13:47:Infinity":12,"f:35:13:35:60":3,"s:36:15:36:65":13,"s:38:8:45:8":14,"f:38:18:38:31":4,"s:39:4:39:Infinity":15,"s:40:4:42:Infinity":16,"s:41:6:41:Infinity":17,"s:47:2:47:Infinity":18}}}
,"/home/runner/work/solaris-cet/solaris-cet/app/src/i18n/translations.ts": {"path":"/home/runner/work/solaris-cet/solaris-cet/app/src/i18n/translations.ts","statementMap":{"0":{"start":{"line":26,"column":53},"end":{"line":137,"column":null}}},"fnMap":{},"branchMap":{},"s":{"0":1},"f":{},"b":{},"meta":{"lastBranch":0,"lastFunction":0,"lastStatement":1,"seen":{"s:26:53:137:Infinity":0}}}
,"/home/runner/work/solaris-cet/solaris-cet/app/src/lib/mining-calc.ts": {"path":"/home/runner/work/solaris-cet/solaris-cet/app/src/lib/mining-calc.ts","statementMap":{"0":{"start":{"line":49,"column":38},"end":{"line":49,"column":null}},"1":{"start":{"line":51,"column":26},"end":{"line":51,"column":null}},"2":{"start":{"line":52,"column":16},"end":{"line":52,"column":null}},"3":{"start":{"line":53,"column":18},"end":{"line":53,"column":null}},"4":{"start":{"line":54,"column":14},"end":{"line":54,"column":null}},"5":{"start":{"line":56,"column":2},"end":{"line":60,"column":null}}},"fnMap":{"0":{"name":"calculateRewards","decl":{"start":{"line":48,"column":16},"end":{"line":48,"column":33}},"loc":{"start":{"line":48,"column":67},"end":{"line":60,"column":null}},"line":48}},"branchMap":{},"s":{"0":17,"1":17,"2":17,"3":17,"4":17,"5":17},"f":{"0":17},"b":{},"meta":{"lastBranch":0,"lastFunction":1,"lastStatement":6,"seen":{"f:48:16:48:33":0,"s:49:38:49:Infinity":0,"s:51:26:51:Infinity":1,"s:52:16:52:Infinity":2,"s:53:18:53:Infinity":3,"s:54:14:54:Infinity":4,"s:56:2:60:Infinity":5}}}
,"/home/runner/work/solaris-cet/solaris-cet/app/src/lib/utils.ts": {"path":"/home/runner/work/solaris-cet/solaris-cet/app/src/lib/utils.ts","statementMap":{"0":{"start":{"line":5,"column":2},"end":{"line":5,"column":null}}},"fnMap":{"0":{"name":"cn","decl":{"start":{"line":4,"column":16},"end":{"line":4,"column":19}},"loc":{"start":{"line":4,"column":44},"end":{"line":5,"column":null}},"line":4}},"branchMap":{},"s":{"0":8},"f":{"0":8},"b":{},"meta":{"lastBranch":0,"lastFunction":1,"lastStatement":1,"seen":{"f:4:16:4:19":0,"s:5:2:5:Infinity":0}}}
}
