{"/home/runner/work/solaris-cet/solaris-cet/app/src/hooks/use-intersection-observer.ts": {"path":"/home/runner/work/solaris-cet/solaris-cet/app/src/hooks/use-intersection-observer.ts","statementMap":{"0":{"start":{"line":33,"column":20},"end":{"line":33,"column":51}},"1":{"start":{"line":34,"column":8},"end":{"line":34,"column":42}},"2":{"start":{"line":36,"column":2},"end":{"line":56,"column":null}},"3":{"start":{"line":37,"column":20},"end":{"line":37,"column":null}},"4":{"start":{"line":38,"column":4},"end":{"line":38,"column":null}},"5":{"start":{"line":38,"column":18},"end":{"line":38,"column":null}},"6":{"start":{"line":40,"column":4},"end":{"line":40,"column":null}},"7":{"start":{"line":40,"column":40},"end":{"line":40,"column":null}},"8":{"start":{"line":42,"column":21},"end":{"line":51,"column":null}},"9":{"start":{"line":44,"column":8},"end":{"line":47,"column":null}},"10":{"start":{"line":45,"column":10},"end":{"line":45,"column":null}},"11":{"start":{"line":46,"column":10},"end":{"line":47,"column":null}},"12":{"start":{"line":47,"column":12},"end":{"line":47,"column":null}},"13":{"start":{"line":54,"column":4},"end":{"line":54,"column":null}},"14":{"start":{"line":55,"column":4},"end":{"line":55,"column":null}},"15":{"start":{"line":55,"column":17},"end":{"line":55,"column":38}},"16":{"start":{"line":58,"column":2},"end":{"line":58,"column":null}}},"fnMap":{"0":{"name":"useIntersectionObserver","decl":{"start":{"line":28,"column":16},"end":{"line":28,"column":40}},"loc":{"start":{"line":32,"column":40},"end":{"line":58,"column":null}},"line":32},"1":{"name":"(anonymous_1)","decl":{"start":{"line":36,"column":2},"end":{"line":36,"column":18}},"loc":{"start":{"line":36,"column":18},"end":{"line":56,"column":6}},"line":36},"2":{"name":"(anonymous_2)","decl":{"start":{"line":42,"column":25},"end":{"line":42,"column":null}},"loc":{"start":{"line":43,"column":19},"end":{"line":51,"column":8}},"line":43},"3":{"name":"(anonymous_3)","decl":{"start":{"line":55,"column":4},"end":{"line":55,"column":17}},"loc":{"start":{"line":55,"column":17},"end":{"line":55,"column":38}},"line":55}},"branchMap":{"0":{"loc":{"start":{"line":28,"column":40},"end":{"line":32,"column":38}},"type":"default-arg","locations":[{"start":{"line":32,"column":36},"end":{"line":32,"column":38}}],"line":28},"1":{"loc":{"start":{"line":29,"column":2},"end":{"line":29,"column":null}},"type":"default-arg","locations":[{"start":{"line":29,"column":14},"end":{"line":29,"column":null}}],"line":29},"2":{"loc":{"start":{"line":30,"column":2},"end":{"line":30,"column":null}},"type":"default-arg","locations":[{"start":{"line":30,"column":15},"end":{"line":30,"column":null}}],"line":30},"3":{"loc":{"start":{"line":31,"column":2},"end":{"line":31,"column":null}},"type":"default-arg","locations":[{"start":{"line":31,"column":22},"end":{"line":31,"column":null}}],"line":31},"4":{"loc":{"start":{"line":38,"column":4},"end":{"line":38,"column":null}},"type":"if","locations":[{"start":{"line":38,"column":4},"end":{"line":38,"column":null}},{"start":{},"end":{}}],"line":38},"5":{"loc":{"start":{"line":40,"column":4},"end":{"line":40,"column":null}},"type":"if","locations":[{"start":{"line":40,"column":4},"end":{"line":40,"column":null}},{"start":{},"end":{}}],"line":40},"6":{"loc":{"start":{"line":40,"column":8},"end":{"line":40,"column":40}},"type":"binary-expr","locations":[{"start":{"line":40,"column":8},"end":{"line":40,"column":29}},{"start":{"line":40,"column":29},"end":{"line":40,"column":40}}],"line":40},"7":{"loc":{"start":{"line":44,"column":8},"end":{"line":47,"column":null}},"type":"if","locations":[{"start":{"line":44,"column":8},"end":{"line":47,"column":null}},{"start":{},"end":{}}],"line":44},"8":{"loc":{"start":{"line":46,"column":10},"end":{"line":47,"column":null}},"type":"if","locations":[{"start":{"line":46,"column":10},"end":{"line":47,"column":null}},{"start":{},"end":{}}],"line":46},"9":{"loc":{"start":{"line":46,"column":14},"end":{"line":46,"column":57}},"type":"binary-expr","locations":[{"start":{"line":46,"column":14},"end":{"line":46,"column":35}},{"start":{"line":46,"column":35},"end":{"line":46,"column":57}}],"line":46}},"s":{"0":11,"1":11,"2":11,"3":11,"4":11,"5":5,"6":6,"7":3,"8":3,"9":3,"10":3,"11":3,"12":3,"13":3,"14":3,"15":3,"16":11},"f":{"0":11,"1":11,"2":3,"3":3},"b":{"0":[11],"1":[11],"2":[11],"3":[11],"4":[5,6],"5":[3,3],"6":[6,6],"7":[3,0],"8":[3,0],"9":[3,3]},"meta":{"lastBranch":10,"lastFunction":4,"lastStatement":17,"seen":{"f:28:16:28:40":0,"b:32:36:32:38":0,"b:29:14:29:Infinity":1,"b:30:15:30:Infinity":2,"b:31:22:31:Infinity":3,"s:33:20:33:51":0,"s:34:8:34:42":1,"s:36:2:56:Infinity":2,"f:36:2:36:18":1,"s:37:20:37:Infinity":3,"b:38:4:38:Infinity:undefined:undefined:undefined:undefined":4,"s:38:4:38:Infinity":4,"s:38:18:38:Infinity":5,"b:40:4:40:Infinity:undefined:undefined:undefined:undefined":5,"s:40:4:40:Infinity":6,"b:40:8:40:29:40:29:40:40":6,"s:40:40:40:Infinity":7,"s:42:21:51:Infinity":8,"f:42:25:42:Infinity":2,"b:44:8:47:Infinity:undefined:undefined:undefined:undefined":7,"s:44:8:47:Infinity":9,"s:45:10:45:Infinity":10,"b:46:10:47:Infinity:undefined:undefined:undefined:undefined":8,"s:46:10:47:Infinity":11,"b:46:14:46:35:46:35:46:57":9,"s:47:12:47:Infinity":12,"s:54:4:54:Infinity":13,"s:55:4:55:Infinity":14,"f:55:4:55:17":3,"s:55:17:55:38":15,"s:58:2:58:Infinity":16}}}
,"/home/runner/work/solaris-cet/solaris-cet/app/src/hooks/useLanguage.ts": {"path":"/home/runner/work/solaris-cet/solaris-cet/app/src/hooks/useLanguage.ts","statementMap":{"0":{"start":{"line":12,"column":43},"end":{"line":12,"column":null}},"1":{"start":{"line":14,"column":6},"end":{"line":23,"column":null}},"2":{"start":{"line":15,"column":2},"end":{"line":23,"column":null}},"3":{"start":{"line":16,"column":19},"end":{"line":16,"column":55}},"4":{"start":{"line":17,"column":4},"end":{"line":18,"column":null}},"5":{"start":{"line":18,"column":6},"end":{"line":18,"column":null}},"6":{"start":{"line":20,"column":24},"end":{"line":20,"column":54}},"7":{"start":{"line":21,"column":4},"end":{"line":21,"column":null}},"8":{"start":{"line":23,"column":4},"end":{"line":23,"column":null}},"9":{"start":{"line":27,"column":13},"end":{"line":31,"column":2}},"10":{"start":{"line":29,"column":17},"end":{"line":29,"column":null}},"11":{"start":{"line":33,"column":13},"end":{"line":33,"column":60}},"12":{"start":{"line":35,"column":13},"end":{"line":47,"column":null}},"13":{"start":{"line":36,"column":15},"end":{"line":36,"column":65}},"14":{"start":{"line":38,"column":8},"end":{"line":45,"column":8}},"15":{"start":{"line":39,"column":4},"end":{"line":39,"column":null}},"16":{"start":{"line":40,"column":4},"end":{"line":42,"column":null}},"17":{"start":{"line":41,"column":6},"end":{"line":41,"column":null}},"18":{"start":{"line":47,"column":2},"end":{"line":47,"column":null}}},"fnMap":{"0":{"name":"(anonymous_0)","decl":{"start":{"line":14,"column":6},"end":{"line":14,"column":39}},"loc":{"start":{"line":14,"column":39},"end":{"line":23,"column":null}},"line":14},"1":{"name":"(anonymous_1)","decl":{"start":{"line":29,"column":2},"end":{"line":29,"column":17}},"loc":{"start":{"line":29,"column":17},"end":{"line":29,"column":null}},"line":29},"2":{"name":"(anonymous_2)","decl":{"start":{"line":33,"column":13},"end":{"line":33,"column":33}},"loc":{"start":{"line":33,"column":13},"end":{"line":33,"column":60}},"line":33},"3":{"name":"(anonymous_3)","decl":{"start":{"line":35,"column":13},"end":{"line":35,"column":60}},"loc":{"start":{"line":35,"column":60},"end":{"line":47,"column":null}},"line":35},"4":{"name":"(anonymous_4)","decl":{"start":{"line":38,"column":18},"end":{"line":38,"column":31}},"loc":{"start":{"line":38,"column":53},"end":{"line":45,"column":7}},"line":38}},"branchMap":{"0":{"loc":{"start":{"line":17,"column":4},"end":{"line":18,"column":null}},"type":"if","locations":[{"start":{"line":17,"column":4},"end":{"line":18,"column":null}},{"start":{},"end":{}}],"line":17},"1":{"loc":{"start":{"line":17,"column":8},"end":{"line":17,"column":64}},"type":"binary-expr","locations":[{"start":{"line":17,"column":8},"end":{"line":17,"column":19}},{"start":{"line":17,"column":19},"end":{"line":17,"column":64}}],"line":17},"2":{"loc":{"start":{"line":21,"column":12},"end":{"line":21,"column":null}},"type":"cond-expr","locations":[{"start":{"line":21,"column":66},"end":{"line":21,"column":93}},{"start":{"line":21,"column":93},"end":{"line":21,"column":null}}],"line":21}},"s":{"0":1,"1":1,"2":0,"3":0,"4":0,"5":0,"6":0,"7":0,"8":0,"9":1,"10":0,"11":0,"12":1,"13":0,"14":0,"15":0,"16":0,"17":0,"18":0},"f":{"0":0,"1":0,"2":0,"3":0,"4":0},"b":{"0":[0,0],"1":[0,0],"2":[0,0]},"meta":{"lastBranch":3,"lastFunction":5,"lastStatement":19,"seen":{"s:12:43:12:Infinity":0,"s:14:6:23:Infinity":1,"f:14:6:14:39":0,"s:15:2:23:Infinity":2,"s:16:19:16:55":3,"b:17:4:18:Infinity:undefined:undefined:undefined:undefined":0,"s:17:4:18:Infinity":4,"b:17:8:17:19:17:19:17:64":1,"s:18:6:18:Infinity":5,"s:20:24:20:54":6,"s:21:4:21:Infinity":7,"b:21:66:21:93:21:93:21:Infinity":2,"s:23:4:23:Infinity":8,"s:27:13:31:2":9,"f:29:2:29:17":1,"s:29:17:29:Infinity":10,"s:33:13:33:60":11,"f:33:13:33:33":2,"s:35:13:47:Infinity":12,"f:35:13:35:60":3,"s:36:15:36:65":13,"s:38:8:45:8":14,"f:38:18:38:31":4,"s:39:4:39:Infinity":15,"s:40:4:42:Infinity":16,"s:41:6:41:Infinity":17,"s:47:2:47:Infinity":18}}}
,"/home/runner/work/solaris-cet/solaris-cet/app/src/hooks/useMiningEfficiency.ts": {"path":"/home/runner/work/solaris-cet/solaris-cet/app/src/hooks/useMiningEfficiency.ts","statementMap":{"0":{"start":{"line":22,"column":22},"end":{"line":22,"column":71}},"1":{"start":{"line":22,"column":55},"end":{"line":22,"column":71}},"2":{"start":{"line":24,"column":2},"end":{"line":42,"column":null}},"3":{"start":{"line":25,"column":10},"end":{"line":35,"column":null}},"4":{"start":{"line":26,"column":21},"end":{"line":26,"column":null}},"5":{"start":{"line":27,"column":6},"end":{"line":27,"column":null}},"6":{"start":{"line":29,"column":6},"end":{"line":30,"column":null}},"7":{"start":{"line":30,"column":8},"end":{"line":30,"column":null}},"8":{"start":{"line":33,"column":6},"end":{"line":35,"column":null}},"9":{"start":{"line":34,"column":8},"end":{"line":34,"column":null}},"10":{"start":{"line":40,"column":4},"end":{"line":40,"column":null}},"11":{"start":{"line":41,"column":4},"end":{"line":41,"column":null}},"12":{"start":{"line":41,"column":17},"end":{"line":41,"column":89}},"13":{"start":{"line":44,"column":8},"end":{"line":57,"column":8}},"14":{"start":{"line":45,"column":4},"end":{"line":53,"column":null}},"15":{"start":{"line":46,"column":6},"end":{"line":53,"column":null}},"16":{"start":{"line":48,"column":24},"end":{"line":50,"column":23}},"17":{"start":{"line":51,"column":8},"end":{"line":51,"column":null}},"18":{"start":{"line":53,"column":8},"end":{"line":53,"column":null}},"19":{"start":{"line":56,"column":4},"end":{"line":56,"column":null}},"20":{"start":{"line":59,"column":2},"end":{"line":59,"column":null}}},"fnMap":{"0":{"name":"useMiningEfficiency","decl":{"start":{"line":19,"column":16},"end":{"line":19,"column":null}},"loc":{"start":{"line":21,"column":26},"end":{"line":59,"column":null}},"line":21},"1":{"name":"(anonymous_1)","decl":{"start":{"line":22,"column":40},"end":{"line":22,"column":55}},"loc":{"start":{"line":22,"column":55},"end":{"line":22,"column":71}},"line":22},"2":{"name":"(anonymous_2)","decl":{"start":{"line":24,"column":2},"end":{"line":24,"column":18}},"loc":{"start":{"line":24,"column":18},"end":{"line":42,"column":6}},"line":24},"3":{"name":"(anonymous_3)","decl":{"start":{"line":25,"column":10},"end":{"line":25,"column":41}},"loc":{"start":{"line":25,"column":41},"end":{"line":35,"column":null}},"line":25},"4":{"name":"(anonymous_4)","decl":{"start":{"line":41,"column":4},"end":{"line":41,"column":17}},"loc":{"start":{"line":41,"column":17},"end":{"line":41,"column":89}},"line":41},"5":{"name":"(anonymous_5)","decl":{"start":{"line":44,"column":37},"end":{"line":44,"column":71}},"loc":{"start":{"line":44,"column":71},"end":{"line":57,"column":7}},"line":44}},"branchMap":{"0":{"loc":{"start":{"line":29,"column":6},"end":{"line":30,"column":null}},"type":"if","locations":[{"start":{"line":29,"column":6},"end":{"line":30,"column":null}},{"start":{},"end":{}}],"line":29},"1":{"loc":{"start":{"line":30,"column":46},"end":{"line":30,"column":77}},"type":"cond-expr","locations":[{"start":{"line":30,"column":55},"end":{"line":30,"column":67}},{"start":{"line":30,"column":67},"end":{"line":30,"column":77}}],"line":30},"2":{"loc":{"start":{"line":34,"column":46},"end":{"line":34,"column":78}},"type":"cond-expr","locations":[{"start":{"line":34,"column":55},"end":{"line":34,"column":69}},{"start":{"line":34,"column":69},"end":{"line":34,"column":78}}],"line":34},"3":{"loc":{"start":{"line":45,"column":4},"end":{"line":53,"column":null}},"type":"if","locations":[{"start":{"line":45,"column":4},"end":{"line":53,"column":null}},{"start":{},"end":{}}],"line":45}},"s":{"0":25,"1":8,"2":25,"3":8,"4":18,"5":18,"6":18,"7":3,"8":18,"9":18,"10":8,"11":8,"12":0,"13":25,"14":2,"15":1,"16":1,"17":1,"18":0,"19":1,"20":25},"f":{"0":25,"1":8,"2":8,"3":18,"4":0,"5":2},"b":{"0":[3,15],"1":[1,2],"2":[8,10],"3":[1,1]},"meta":{"lastBranch":4,"lastFunction":6,"lastStatement":21,"seen":{"f:19:16:19:Infinity":0,"s:22:22:22:71":0,"f:22:40:22:55":1,"s:22:55:22:71":1,"s:24:2:42:Infinity":2,"f:24:2:24:18":2,"s:25:10:35:Infinity":3,"f:25:10:25:41":3,"s:26:21:26:Infinity":4,"s:27:6:27:Infinity":5,"b:29:6:30:Infinity:undefined:undefined:undefined:undefined":0,"s:29:6:30:Infinity":6,"s:30:8:30:Infinity":7,"b:30:55:30:67:30:67:30:77":1,"s:33:6:35:Infinity":8,"s:34:8:34:Infinity":9,"b:34:55:34:69:34:69:34:78":2,"s:40:4:40:Infinity":10,"s:41:4:41:Infinity":11,"f:41:4:41:17":4,"s:41:17:41:89":12,"s:44:8:57:8":13,"f:44:37:44:71":5,"b:45:4:53:Infinity:undefined:undefined:undefined:undefined":3,"s:45:4:53:Infinity":14,"s:46:6:53:Infinity":15,"s:48:24:50:23":16,"s:51:8:51:Infinity":17,"s:53:8:53:Infinity":18,"s:56:4:56:Infinity":19,"s:59:2:59:Infinity":20}}}
,"/home/runner/work/solaris-cet/solaris-cet/app/src/i18n/translations.ts": {"path":"/home/runner/work/solaris-cet/solaris-cet/app/src/i18n/translations.ts","statementMap":{"0":{"start":{"line":26,"column":53},"end":{"line":137,"column":null}}},"fnMap":{},"branchMap":{},"s":{"0":2},"f":{},"b":{},"meta":{"lastBranch":0,"lastFunction":0,"lastStatement":1,"seen":{"s:26:53:137:Infinity":0}}}
,"/home/runner/work/solaris-cet/solaris-cet/app/src/lib/utils.ts": {"path":"/home/runner/work/solaris-cet/solaris-cet/app/src/lib/utils.ts","statementMap":{"0":{"start":{"line":5,"column":2},"end":{"line":5,"column":null}}},"fnMap":{"0":{"name":"cn","decl":{"start":{"line":4,"column":16},"end":{"line":4,"column":19}},"loc":{"start":{"line":4,"column":44},"end":{"line":5,"column":null}},"line":4}},"branchMap":{},"s":{"0":8},"f":{"0":8},"b":{},"meta":{"lastBranch":0,"lastFunction":1,"lastStatement":1,"seen":{"f:4:16:4:19":0,"s:5:2:5:Infinity":0}}}
}
